c:\projects\multisqlite_cpp\multisqlitemf\x64\debug\multisqlite_cpp.pch
c:\projects\multisqlite_cpp\multisqlitemf\x64\debug\vc141.pdb
c:\projects\multisqlite_cpp\multisqlitemf\x64\debug\vc141.idb
c:\projects\multisqlite_cpp\multisqlitemf\x64\debug\pch.obj
c:\projects\multisqlite_cpp\multisqlitemf\x64\debug\versioninfo.obj
c:\projects\multisqlite_cpp\multisqlitemf\x64\debug\quelle1.obj
c:\projects\multisqlite_cpp\multisqlitemf\x64\debug\quelle.obj
c:\projects\multisqlite_cpp\multisqlitemf\x64\debug\multisqlitemfdlg.obj
c:\projects\multisqlite_cpp\multisqlitemf\x64\debug\multisqlitemf.obj
c:\projects\multisqlite_cpp\multisqlitemf\x64\debug\sqlite3.obj
c:\projects\multisqlite_cpp\multisqlitemf\x64\debug\shell.obj
c:\projects\multisqlite_cpp\x64\debug\multisqlite_cpp.ilk
c:\projects\multisqlite_cpp\x64\debug\multisqlite_cpp.exe
c:\projects\multisqlite_cpp\x64\debug\multisqlite_cpp.pdb
c:\projects\multisqlite_cpp\multisqlitemf\x64\debug\multisqlitemf.res
c:\projects\multisqlite_cpp\multisqlitemf\x64\debug\multisqlite_cpp.tlog\cl.command.1.tlog
c:\projects\multisqlite_cpp\multisqlitemf\x64\debug\multisqlite_cpp.tlog\cl.read.1.tlog
c:\projects\multisqlite_cpp\multisqlitemf\x64\debug\multisqlite_cpp.tlog\cl.write.1.tlog
c:\projects\multisqlite_cpp\multisqlitemf\x64\debug\multisqlite_cpp.tlog\link.command.1.tlog
c:\projects\multisqlite_cpp\multisqlitemf\x64\debug\multisqlite_cpp.tlog\link.read.1.tlog
c:\projects\multisqlite_cpp\multisqlitemf\x64\debug\multisqlite_cpp.tlog\link.write.1.tlog
c:\projects\multisqlite_cpp\multisqlitemf\x64\debug\multisqlite_cpp.tlog\rc.command.1.tlog
c:\projects\multisqlite_cpp\multisqlitemf\x64\debug\multisqlite_cpp.tlog\rc.read.1.tlog
c:\projects\multisqlite_cpp\multisqlitemf\x64\debug\multisqlite_cpp.tlog\rc.write.1.tlog
