c:\projects\multisqlite_cpp\multisqlite_cpp\debug\multisqlite_cpp.pch
c:\projects\multisqlite_cpp\multisqlite_cpp\debug\vc141.pdb
c:\projects\multisqlite_cpp\multisqlite_cpp\debug\vc141.idb
c:\projects\multisqlite_cpp\multisqlite_cpp\debug\pch.obj
c:\projects\multisqlite_cpp\multisqlite_cpp\debug\versioninfo.obj
c:\projects\multisqlite_cpp\multisqlite_cpp\debug\quelle1.obj
c:\projects\multisqlite_cpp\multisqlite_cpp\debug\quelle.obj
c:\projects\multisqlite_cpp\multisqlite_cpp\debug\multisqlitemfdlg.obj
c:\projects\multisqlite_cpp\multisqlite_cpp\debug\multisqlitemf.obj
c:\projects\multisqlite_cpp\multisqlite_cpp\debug\sqlite3.obj
c:\projects\multisqlite_cpp\multisqlite_cpp\debug\shell.obj
c:\projects\multisqlite_cpp\debug\multisqlite_cpp.ilk
c:\projects\multisqlite_cpp\debug\multisqlite_cpp.exe
c:\projects\multisqlite_cpp\debug\multisqlite_cpp.pdb
c:\projects\multisqlite_cpp\multisqlite_cpp\debug\multisqlitemf.res
c:\projects\multisqlite_cpp\\debug\multisqlite_cpp.pdb
c:\projects\multisqlite_cpp\\debug\multisqlite_cpp.exe
c:\projects\multisqlite_cpp\\debug\multisqlite_cpp.ilk
c:\projects\multisqlite_cpp\multisqlite_cpp\debug\multisqlite_cpp.tlog\cl.command.1.tlog
c:\projects\multisqlite_cpp\multisqlite_cpp\debug\multisqlite_cpp.tlog\cl.read.1.tlog
c:\projects\multisqlite_cpp\multisqlite_cpp\debug\multisqlite_cpp.tlog\cl.write.1.tlog
c:\projects\multisqlite_cpp\multisqlite_cpp\debug\multisqlite_cpp.tlog\link.command.1.tlog
c:\projects\multisqlite_cpp\multisqlite_cpp\debug\multisqlite_cpp.tlog\link.read.1.tlog
c:\projects\multisqlite_cpp\multisqlite_cpp\debug\multisqlite_cpp.tlog\link.write.1.tlog
c:\projects\multisqlite_cpp\multisqlite_cpp\debug\multisqlite_cpp.tlog\rc.command.1.tlog
c:\projects\multisqlite_cpp\multisqlite_cpp\debug\multisqlite_cpp.tlog\rc.read.1.tlog
c:\projects\multisqlite_cpp\multisqlite_cpp\debug\multisqlite_cpp.tlog\rc.write.1.tlog
