  pch.cpp
  MultiSQliteMF.cpp
  MultiSQliteMFDlg.cpp
c:\projects\multisqlite_cpp\multisqlite_cpp\multisqlitemfdlg.cpp(891): warning C4101: "pSQL": Unreferenzierte lokale Variable
c:\projects\multisqlite_cpp\multisqlite_cpp\multisqlitemfdlg.cpp(1185): warning C4101: "pSQL": Unreferenzierte lokale Variable
c:\projects\multisqlite_cpp\multisqlite_cpp\multisqlitemfdlg.cpp(1350): warning C4244: "=": Konvertierung von "ULONGLONG" in "long", möglicher Datenverlust
c:\projects\multisqlite_cpp\multisqlite_cpp\multisqlitemfdlg.cpp(1355): warning C4244: "=": Konvertierung von "ULONGLONG" in "long", möglicher Datenverlust
c:\projects\multisqlite_cpp\multisqlite_cpp\multisqlitemfdlg.cpp(1361): warning C4244: "=": Konvertierung von "ULONGLONG" in "long", möglicher Datenverlust
c:\projects\multisqlite_cpp\multisqlite_cpp\multisqlitemfdlg.cpp(1395): warning C4244: "=": Konvertierung von "ULONGLONG" in "long", möglicher Datenverlust
c:\projects\multisqlite_cpp\multisqlite_cpp\multisqlitemfdlg.cpp(1399): warning C4244: "=": Konvertierung von "ULONGLONG" in "long", möglicher Datenverlust
c:\projects\multisqlite_cpp\multisqlite_cpp\multisqlitemfdlg.cpp(1525): warning C4101: "rc": Unreferenzierte lokale Variable
c:\projects\multisqlite_cpp\multisqlite_cpp\multisqlitemfdlg.cpp(1695): warning C4101: "rc": Unreferenzierte lokale Variable
c:\projects\multisqlite_cpp\multisqlite_cpp\multisqlitemfdlg.cpp(1753): warning C4244: "Initialisierung": Konvertierung von "ULONGLONG" in "int", möglicher Datenverlust
c:\projects\multisqlite_cpp\multisqlite_cpp\multisqlitemfdlg.cpp(1753): warning C4244: "Initialisierung": Konvertierung von "ULONGLONG" in "const int", möglicher Datenverlust
c:\projects\multisqlite_cpp\multisqlite_cpp\multisqlitemfdlg.cpp(1775): warning C4244: "Initialisierung": Konvertierung von "ULONGLONG" in "int", möglicher Datenverlust
c:\projects\multisqlite_cpp\multisqlite_cpp\multisqlitemfdlg.cpp(1775): warning C4244: "Initialisierung": Konvertierung von "ULONGLONG" in "const int", möglicher Datenverlust
c:\projects\multisqlite_cpp\multisqlite_cpp\multisqlitemfdlg.cpp(1990): warning C4244: "Initialisierung": Konvertierung von "ULONGLONG" in "int", möglicher Datenverlust
c:\projects\multisqlite_cpp\multisqlite_cpp\multisqlitemfdlg.cpp(1990): warning C4244: "Initialisierung": Konvertierung von "ULONGLONG" in "const int", möglicher Datenverlust
c:\projects\multisqlite_cpp\multisqlite_cpp\multisqlitemfdlg.cpp(2022): warning C4244: "Initialisierung": Konvertierung von "ULONGLONG" in "int", möglicher Datenverlust
c:\projects\multisqlite_cpp\multisqlite_cpp\multisqlitemfdlg.cpp(2022): warning C4244: "Initialisierung": Konvertierung von "ULONGLONG" in "const int", möglicher Datenverlust
  Quelle.cpp
  Quelle1.cpp
  VersionInfo.cpp
  shell.c
  sqlite3.c
  Code wird generiert.
c:\projects\multisqlite_cpp\multisqlite_cpp\multisqlitemfdlg.cpp(704): warning C4715: "CMultiSQliteMFDlg::PeekAndPump": Nicht alle Codepfade geben einen Wert zurück.
c:\projects\multisqlite_cpp\multisqlite_cpp\multisqlitemfdlg.cpp(805): warning C4715: "CMultiSQliteMFDlg::setAppID": Nicht alle Codepfade geben einen Wert zurück.
c:\projects\multisqlite_cpp\multisqlite_cpp\multisqlitemfdlg.cpp(367): warning C4715: "CMultiSQliteMFDlg::execQuery": Nicht alle Codepfade geben einen Wert zurück.
  All 2965 functions were compiled because no usable IPDB/IOBJ from previous compilation was found.
  Codegenerierung ist abgeschlossen.
  MultiSQLite_CPP.vcxproj -> C:\Projects\MultiSQLite_CPP\\Release\MultiSQLite_CPP.exe
