c:\projects\multisqlite_cpp\multisqlite_cpp\release\multisqlite_cpp.pch
c:\projects\multisqlite_cpp\multisqlite_cpp\release\vc141.pdb
c:\projects\multisqlite_cpp\multisqlite_cpp\release\pch.obj
c:\projects\multisqlite_cpp\multisqlite_cpp\release\versioninfo.obj
c:\projects\multisqlite_cpp\multisqlite_cpp\release\quelle1.obj
c:\projects\multisqlite_cpp\multisqlite_cpp\release\quelle.obj
c:\projects\multisqlite_cpp\multisqlite_cpp\release\multisqlitemfdlg.obj
c:\projects\multisqlite_cpp\multisqlite_cpp\release\multisqlitemf.obj
c:\projects\multisqlite_cpp\multisqlite_cpp\release\sqlite3.obj
c:\projects\multisqlite_cpp\multisqlite_cpp\release\shell.obj
c:\projects\multisqlite_cpp\release\multisqlite_cpp.exe
c:\projects\multisqlite_cpp\release\multisqlite_cpp.pdb
c:\projects\multisqlite_cpp\release\multisqlite_cpp.ipdb
c:\projects\multisqlite_cpp\release\multisqlite_cpp.iobj
c:\projects\multisqlite_cpp\multisqlite_cpp\release\multisqlitemf.res
c:\projects\multisqlite_cpp\\release\multisqlite_cpp.pdb
c:\projects\multisqlite_cpp\\release\multisqlite_cpp.exe
c:\projects\multisqlite_cpp\multisqlite_cpp\release\multisqlite_cpp.tlog\cl.command.1.tlog
c:\projects\multisqlite_cpp\multisqlite_cpp\release\multisqlite_cpp.tlog\cl.read.1.tlog
c:\projects\multisqlite_cpp\multisqlite_cpp\release\multisqlite_cpp.tlog\cl.write.1.tlog
c:\projects\multisqlite_cpp\multisqlite_cpp\release\multisqlite_cpp.tlog\link.command.1.tlog
c:\projects\multisqlite_cpp\multisqlite_cpp\release\multisqlite_cpp.tlog\link.read.1.tlog
c:\projects\multisqlite_cpp\multisqlite_cpp\release\multisqlite_cpp.tlog\link.write.1.tlog
c:\projects\multisqlite_cpp\multisqlite_cpp\release\multisqlite_cpp.tlog\multisqlite_cpp.write.1u.tlog
c:\projects\multisqlite_cpp\multisqlite_cpp\release\multisqlite_cpp.tlog\rc.command.1.tlog
c:\projects\multisqlite_cpp\multisqlite_cpp\release\multisqlite_cpp.tlog\rc.read.1.tlog
c:\projects\multisqlite_cpp\multisqlite_cpp\release\multisqlite_cpp.tlog\rc.write.1.tlog
