c:\projects\multisqlitemfc\multisqlitemf\multisqlitemf\debug\multisqlitemf.pch
c:\projects\multisqlitemfc\multisqlitemf\multisqlitemf\debug\vc141.pdb
c:\projects\multisqlitemfc\multisqlitemf\multisqlitemf\debug\vc141.idb
c:\projects\multisqlitemfc\multisqlitemf\multisqlitemf\debug\pch.obj
c:\projects\multisqlitemfc\multisqlitemf\multisqlitemf\debug\sqlite3.obj
c:\projects\multisqlitemfc\multisqlitemf\multisqlitemf\debug\shell.obj
c:\projects\multisqlitemfc\multisqlitemf\multisqlitemf\debug\multisqlitemf.obj
c:\projects\multisqlitemfc\multisqlitemf\debug\multisqlitemf.exe
c:\projects\multisqlitemfc\multisqlitemf\debug\multisqlitemf.ilk
c:\projects\multisqlitemfc\multisqlitemf\debug\multisqlitemf.pdb
c:\projects\multisqlitemfc\multisqlitemf\multisqlitemf\debug\multisqlitemf.res
c:\projects\multisqlitemfc\multisqlitemf\multisqlitemf\debug\multisqlitemf.tlog\cl.command.1.tlog
c:\projects\multisqlitemfc\multisqlitemf\multisqlitemf\debug\multisqlitemf.tlog\cl.read.1.tlog
c:\projects\multisqlitemfc\multisqlitemf\multisqlitemf\debug\multisqlitemf.tlog\cl.write.1.tlog
c:\projects\multisqlitemfc\multisqlitemf\multisqlitemf\debug\multisqlitemf.tlog\link.command.1.tlog
c:\projects\multisqlitemfc\multisqlitemf\multisqlitemf\debug\multisqlitemf.tlog\link.read.1.tlog
c:\projects\multisqlitemfc\multisqlitemf\multisqlitemf\debug\multisqlitemf.tlog\link.write.1.tlog
c:\projects\multisqlitemfc\multisqlitemf\multisqlitemf\debug\multisqlitemf.tlog\rc.command.1.tlog
c:\projects\multisqlitemfc\multisqlitemf\multisqlitemf\debug\multisqlitemf.tlog\rc.read.1.tlog
c:\projects\multisqlitemfc\multisqlitemf\multisqlitemf\debug\multisqlitemf.tlog\rc.write.1.tlog
