  pch.cpp
  MultiSQliteMF.cpp
  MultiSQliteMFDlg.cpp
c:\projects\sqlite4cpp\multisqlitemf\multisqlitemfdlg.cpp(848): warning C4101: "pSQL": Unreferenzierte lokale Variable
c:\projects\sqlite4cpp\multisqlitemf\multisqlitemfdlg.cpp(1142): warning C4101: "pSQL": Unreferenzierte lokale Variable
c:\projects\sqlite4cpp\multisqlitemf\multisqlitemfdlg.cpp(1307): warning C4244: "=": Konvertierung von "ULONGLONG" in "long", möglicher Datenverlust
c:\projects\sqlite4cpp\multisqlitemf\multisqlitemfdlg.cpp(1312): warning C4244: "=": Konvertierung von "ULONGLONG" in "long", möglicher Datenverlust
c:\projects\sqlite4cpp\multisqlitemf\multisqlitemfdlg.cpp(1318): warning C4244: "=": Konvertierung von "ULONGLONG" in "long", möglicher Datenverlust
c:\projects\sqlite4cpp\multisqlitemf\multisqlitemfdlg.cpp(1352): warning C4244: "=": Konvertierung von "ULONGLONG" in "long", möglicher Datenverlust
c:\projects\sqlite4cpp\multisqlitemf\multisqlitemfdlg.cpp(1356): warning C4244: "=": Konvertierung von "ULONGLONG" in "long", möglicher Datenverlust
c:\projects\sqlite4cpp\multisqlitemf\multisqlitemfdlg.cpp(1482): warning C4101: "rc": Unreferenzierte lokale Variable
c:\projects\sqlite4cpp\multisqlitemf\multisqlitemfdlg.cpp(1607): warning C4101: "rc": Unreferenzierte lokale Variable
c:\projects\sqlite4cpp\multisqlitemf\multisqlitemfdlg.cpp(1665): warning C4244: "Initialisierung": Konvertierung von "ULONGLONG" in "int", möglicher Datenverlust
c:\projects\sqlite4cpp\multisqlitemf\multisqlitemfdlg.cpp(1665): warning C4244: "Initialisierung": Konvertierung von "ULONGLONG" in "const int", möglicher Datenverlust
c:\projects\sqlite4cpp\multisqlitemf\multisqlitemfdlg.cpp(1687): warning C4244: "Initialisierung": Konvertierung von "ULONGLONG" in "int", möglicher Datenverlust
c:\projects\sqlite4cpp\multisqlitemf\multisqlitemfdlg.cpp(1687): warning C4244: "Initialisierung": Konvertierung von "ULONGLONG" in "const int", möglicher Datenverlust
  Quelle.cpp
  Quelle1.cpp
  VersionInfo.cpp
  shell.c
  sqlite3.c
  Code wird generiert.
c:\projects\sqlite4cpp\multisqlitemf\multisqlitemfdlg.cpp(661): warning C4715: "CMultiSQliteMFDlg::PeekAndPump": Nicht alle Codepfade geben einen Wert zurück.
c:\projects\sqlite4cpp\multisqlitemf\multisqlitemfdlg.cpp(762): warning C4715: "CMultiSQliteMFDlg::setAppID": Nicht alle Codepfade geben einen Wert zurück.
c:\projects\sqlite4cpp\multisqlitemf\multisqlitemfdlg.cpp(344): warning C4715: "CMultiSQliteMFDlg::execQuery": Nicht alle Codepfade geben einen Wert zurück.
  All 2939 functions were compiled because no usable IPDB/IOBJ from previous compilation was found.
  Codegenerierung ist abgeschlossen.
  MultiSQliteMF.vcxproj -> C:\Projects\SQlite4CPP\Release\MultiSQLite_CPP.exe
